1 1 100 800 0 0 0 0
101 100 10100 80000 0 0 0 0
201 100 20100 80000 0 0 0 0
301 100 30100 80000 0 0 0 0
401 100 40100 80000 0 0 0 0
501 100 50100 80000 0 0 0 0
601 100 60100 80000 0 0 0 0
701 100 70100 80000 0 0 0 0
801 100 80100 80000 0 0 0 0
901 100 90100 80000 0 0 0 0
1001 100 100100 80000 0 0 0 0
1101 100 110100 80000 0 0 0 0
1201 100 120100 80000 0 0 0 0
1301 100 130100 80000 0 0 0 0
1401 100 140100 80000 0 0 0 0
1501 100 150100 80000 0 0 0 0
1601 100 160100 80000 0 0 0 0
1701 100 170100 80000 0 0 0 0
1801 100 180100 80000 0 0 0 0
1901 100 190100 80000 0 0 0 0
2001 100 200100 80000 0 0 0 0
2047 46 204700 36800 0 0 0 0
2047 0 204700 0 0 0 0 0
2047 0 204700 0 0 0 0 0
2047 0 204700 0 0 0 0 0
2047 0 204700 0 0 0 0 0
2047 0 204700 0 0 0 0 0
2047 0 204700 0 0 0 0 0
2047 0 204700 0 0 0 0 0
2047 0 204700 0 0 0 0 0
2047 0 204700 0 0 0 0 0
2047 0 204700 0 0 0 0 0
2047 0 204700 0 0 0 0 0
2047 0 204700 0 0 0 0 0
